{
  "stats": {
    "suites": 1,
    "tests": 1,
    "passes": 1,
    "pending": 0,
    "failures": 0,
    "start": "2025-09-28T15:24:56.014Z",
    "end": "2025-09-28T15:25:10.874Z",
    "duration": 14860,
    "testsRegistered": 1,
    "passPercent": 100,
    "pendingPercent": 0,
    "other": 0,
    "hasOther": false,
    "skipped": 0,
    "hasSkipped": false
  },
  "results": [
    {
      "uuid": "1d44eaf8-797f-417d-9b4b-ef2d49c8b58d",
      "title": "",
      "fullFile": "cypress\\e2e\\user.spec.cy.js",
      "file": "cypress\\e2e\\user.spec.cy.js",
      "beforeHooks": [],
      "afterHooks": [],
      "tests": [],
      "suites": [
        {
          "uuid": "ef56ae6a-eb8d-480c-81fa-e197bc1b1a73",
          "title": "Orange HRM Tests",
          "fullFile": "",
          "file": "",
          "beforeHooks": [],
          "afterHooks": [],
          "tests": [
            {
              "title": "User Info Update - Sucess",
              "fullTitle": "Orange HRM Tests User Info Update - Sucess",
              "timedOut": null,
              "duration": 14703,
              "state": "passed",
              "speed": "slow",
              "pass": true,
              "fail": false,
              "pending": false,
              "context": null,
              "code": "cy.visit('/auth/login');\ncy.get(selectorsList.usernameField).type(_userData.default.userSucess.username);\ncy.get(selectorsList.passwordField).type(_userData.default.userSucess.password);\ncy.get(selectorsList.loginButton).click();\ncy.location('pathname').should('equal', '/web/index.php/dashboard/index');\ncy.get(selectorsList.dashboardGrid);\ncy.get(selectorsList.myInfoButton).click(); //Acessando a página 'My Info' do site\ncy.get(selectorsList.firstNameField).clear().type('FirstNameTest'); //Atualizando o campo 'First Name'\ncy.get(selectorsList.lastNameField).clear().type('LastNameTest'); //Atualizando o campo 'Last Name'\ncy.get(selectorsList.genericField).eq(3).clear().type('EmployeeId'); //Atualizando o campo 'Employee Id'\ncy.get(selectorsList.genericField).eq(4).clear().type('otherTest');\ncy.get(selectorsList.genericField).eq(5).clear().type('DriverLicenseTest');\ncy.get(selectorsList.dateField).eq(0).clear().type('2030-01-01'); //Atualizando o campo 'License Expiry Date'\ncy.get(selectorsList.dateCloseButton).click(); //Fechando o calendário do campo 'License Expiry Date'\ncy.get(selectorsList.textField).eq(0).click(); //Clicando no campo '\ncy.get(selectorsList.dropdownOptions).contains('Brazilian').click();\ncy.get(selectorsList.textField).eq(1).click();\ncy.get(selectorsList.dropdownOptions).contains('Married').click();\ncy.get(selectorsList.dateField).eq(1).clear().type('1983-03-26'); //Atualizando o campo 'Date of Birth'\ncy.get(selectorsList.dateCloseButton).click(); //Fechando o calendário do campo 'Date of Birth'\ncy.get(selectorsList.submitButton).eq(0).click(); //Salvando as alterações\ncy.get('body').should('contain.text', 'Successfully Updated'); //Verificação da mensagem de sucesso",
              "err": {},
              "uuid": "4bd33644-c03b-487f-ae87-3965122216fa",
              "parentUUID": "ef56ae6a-eb8d-480c-81fa-e197bc1b1a73",
              "isHook": false,
              "skipped": false
            }
          ],
          "suites": [],
          "passes": [
            "4bd33644-c03b-487f-ae87-3965122216fa"
          ],
          "failures": [],
          "pending": [],
          "skipped": [],
          "duration": 14703,
          "root": false,
          "rootEmpty": false,
          "_timeout": 2000
        }
      ],
      "passes": [],
      "failures": [],
      "pending": [],
      "skipped": [],
      "duration": 0,
      "root": true,
      "rootEmpty": true,
      "_timeout": 2000
    }
  ],
  "meta": {
    "mocha": {
      "version": "7.2.0"
    },
    "mochawesome": {
      "options": {
        "quiet": false,
        "reportFilename": "mochawesome",
        "saveHtml": true,
        "saveJson": true,
        "consoleReporter": "spec",
        "useInlineDiffs": false,
        "code": true
      },
      "version": "7.1.4"
    },
    "marge": {
      "options": {
        "reportDir": "cypress/reports",
        "overwrite": false,
        "html": true,
        "json": true
      },
      "version": "6.3.0"
    }
  }
}